0 info it worked if it ends with ok
1 verbose cli [ '/Users/lishuna/.nvm/versions/node/v6.9.5/bin/node',
1 verbose cli   '/Users/lishuna/.nvm/versions/node/v6.9.5/bin/npm',
1 verbose cli   'start' ]
2 info using npm@3.10.10
3 info using node@v6.9.5
4 verbose run-script [ 'prestart', 'start', 'poststart' ]
5 info lifecycle @test-ui/core@1.0.1~prestart: @test-ui/core@1.0.1
6 silly lifecycle @test-ui/core@1.0.1~prestart: no script for prestart, continuing
7 info lifecycle @test-ui/core@1.0.1~start: @test-ui/core@1.0.1
8 verbose lifecycle @test-ui/core@1.0.1~start: unsafe-perm in lifecycle true
9 verbose lifecycle @test-ui/core@1.0.1~start: PATH: /Users/lishuna/.nvm/versions/node/v6.9.5/lib/node_modules/npm/bin/node-gyp-bin:/Users/lishuna/git/study/jdbBaseUICoreNew/node_modules/.bin:/usr/local/Cellar/mongodb@3.4/3.4.14/bin:/Users/lishuna/.nvm/versions/node/v6.9.5/bin:/usr/local/bin:/usr/bin:/bin:/usr/sbin:/sbin:/usr/local/aria2/bin:/Library/Frameworks/Mono.framework/Versions/Current/Commands:/usr/local/Cellar/mongodb@3.4/3.4.14/bin:/Users/lishuna/.rvm/bin:/Users/lishuna/.rvm/bin
10 verbose lifecycle @test-ui/core@1.0.1~start: CWD: /Users/lishuna/git/study/jdbBaseUICoreNew
11 silly lifecycle @test-ui/core@1.0.1~start: Args: [ '-c', 'webpack' ]
12 silly lifecycle @test-ui/core@1.0.1~start: Returned: code: 2  signal: null
13 info lifecycle @test-ui/core@1.0.1~start: Failed to exec start script
14 verbose stack Error: @test-ui/core@1.0.1 start: `webpack`
14 verbose stack Exit status 2
14 verbose stack     at EventEmitter.<anonymous> (/Users/lishuna/.nvm/versions/node/v6.9.5/lib/node_modules/npm/lib/utils/lifecycle.js:255:16)
14 verbose stack     at emitTwo (events.js:106:13)
14 verbose stack     at EventEmitter.emit (events.js:191:7)
14 verbose stack     at ChildProcess.<anonymous> (/Users/lishuna/.nvm/versions/node/v6.9.5/lib/node_modules/npm/lib/utils/spawn.js:40:14)
14 verbose stack     at emitTwo (events.js:106:13)
14 verbose stack     at ChildProcess.emit (events.js:191:7)
14 verbose stack     at maybeClose (internal/child_process.js:877:16)
14 verbose stack     at Process.ChildProcess._handle.onexit (internal/child_process.js:226:5)
15 verbose pkgid @test-ui/core@1.0.1
16 verbose cwd /Users/lishuna/git/study/jdbBaseUICoreNew
17 error Darwin 15.6.0
18 error argv "/Users/lishuna/.nvm/versions/node/v6.9.5/bin/node" "/Users/lishuna/.nvm/versions/node/v6.9.5/bin/npm" "start"
19 error node v6.9.5
20 error npm  v3.10.10
21 error code ELIFECYCLE
22 error @test-ui/core@1.0.1 start: `webpack`
22 error Exit status 2
23 error Failed at the @test-ui/core@1.0.1 start script 'webpack'.
23 error Make sure you have the latest version of node.js and npm installed.
23 error If you do, this is most likely a problem with the @test-ui/core package,
23 error not with npm itself.
23 error Tell the author that this fails on your system:
23 error     webpack
23 error You can get information on how to open an issue for this project with:
23 error     npm bugs @test-ui/core
23 error Or if that isn't available, you can get their info via:
23 error     npm owner ls @test-ui/core
23 error There is likely additional logging output above.
24 verbose exit [ 1, true ]
